{"/Users/zhenqiang/Documents/code/devpulse/packages/core/src/adapters/adapter.interface.ts": {"path":"/Users/zhenqiang/Documents/code/devpulse/packages/core/src/adapters/adapter.interface.ts","all":true,"statementMap":{},"s":{},"branchMap":{"0":{"type":"branch","line":1,"loc":{"start":{"line":1,"column":513},"end":{"line":28,"column":1}},"locations":[{"start":{"line":1,"column":513},"end":{"line":28,"column":1}}]}},"b":{"0":[1]},"fnMap":{"0":{"name":"(empty-report)","decl":{"start":{"line":1,"column":513},"end":{"line":28,"column":1}},"loc":{"start":{"line":1,"column":513},"end":{"line":28,"column":1}},"line":1}},"f":{"0":1}}
,"/Users/zhenqiang/Documents/code/devpulse/packages/core/src/adapters/hackernews.adapter.ts": {"path":"/Users/zhenqiang/Documents/code/devpulse/packages/core/src/adapters/hackernews.adapter.ts","all":false,"statementMap":{"2":{"start":{"line":3,"column":0},"end":{"line":3,"column":55}},"14":{"start":{"line":15,"column":0},"end":{"line":15,"column":51}},"15":{"start":{"line":16,"column":0},"end":{"line":16,"column":22}},"16":{"start":{"line":17,"column":0},"end":{"line":17,"column":30}},"18":{"start":{"line":19,"column":0},"end":{"line":19,"column":18}},"19":{"start":{"line":20,"column":0},"end":{"line":20,"column":92}},"20":{"start":{"line":21,"column":0},"end":{"line":21,"column":4}},"22":{"start":{"line":23,"column":0},"end":{"line":23,"column":60}},"23":{"start":{"line":24,"column":0},"end":{"line":24,"column":53}},"25":{"start":{"line":26,"column":0},"end":{"line":26,"column":57}},"26":{"start":{"line":27,"column":0},"end":{"line":27,"column":43}},"27":{"start":{"line":28,"column":0},"end":{"line":28,"column":39}},"29":{"start":{"line":30,"column":0},"end":{"line":30,"column":36}},"30":{"start":{"line":31,"column":0},"end":{"line":31,"column":32}},"31":{"start":{"line":32,"column":0},"end":{"line":32,"column":59}},"32":{"start":{"line":33,"column":0},"end":{"line":33,"column":43}},"33":{"start":{"line":34,"column":0},"end":{"line":34,"column":8}},"34":{"start":{"line":35,"column":0},"end":{"line":35,"column":6}},"36":{"start":{"line":37,"column":0},"end":{"line":37,"column":33}},"37":{"start":{"line":38,"column":0},"end":{"line":38,"column":34}},"38":{"start":{"line":39,"column":0},"end":{"line":39,"column":24}},"39":{"start":{"line":40,"column":0},"end":{"line":40,"column":40}},"40":{"start":{"line":41,"column":0},"end":{"line":41,"column":73}},"41":{"start":{"line":42,"column":0},"end":{"line":42,"column":22}},"42":{"start":{"line":43,"column":0},"end":{"line":43,"column":24}},"43":{"start":{"line":44,"column":0},"end":{"line":44,"column":46}},"44":{"start":{"line":45,"column":0},"end":{"line":45,"column":8}},"45":{"start":{"line":46,"column":0},"end":{"line":46,"column":3}},"46":{"start":{"line":47,"column":0},"end":{"line":47,"column":1}}},"s":{"2":1,"14":1,"15":1,"16":2,"18":2,"19":2,"20":2,"22":1,"23":1,"25":1,"26":1,"27":1,"29":1,"30":1,"31":2,"32":2,"33":1,"34":1,"36":1,"37":2,"38":2,"39":2,"40":2,"41":2,"42":2,"43":2,"44":1,"45":1,"46":1},"branchMap":{"0":{"type":"branch","line":16,"loc":{"start":{"line":16,"column":2},"end":{"line":21,"column":4}},"locations":[{"start":{"line":16,"column":2},"end":{"line":21,"column":4}}]},"1":{"type":"branch","line":23,"loc":{"start":{"line":23,"column":2},"end":{"line":46,"column":3}},"locations":[{"start":{"line":23,"column":2},"end":{"line":46,"column":3}}]},"2":{"type":"branch","line":24,"loc":{"start":{"line":24,"column":34},"end":{"line":24,"column":49}},"locations":[{"start":{"line":24,"column":34},"end":{"line":24,"column":49}}]},"3":{"type":"branch","line":31,"loc":{"start":{"line":31,"column":17},"end":{"line":34,"column":7}},"locations":[{"start":{"line":31,"column":17},"end":{"line":34,"column":7}}]},"4":{"type":"branch","line":37,"loc":{"start":{"line":37,"column":21},"end":{"line":45,"column":6}},"locations":[{"start":{"line":37,"column":21},"end":{"line":45,"column":6}}]},"5":{"type":"branch","line":40,"loc":{"start":{"line":40,"column":20},"end":{"line":40,"column":32}},"locations":[{"start":{"line":40,"column":20},"end":{"line":40,"column":32}}]},"6":{"type":"branch","line":41,"loc":{"start":{"line":41,"column":16},"end":{"line":41,"column":73}},"locations":[{"start":{"line":41,"column":16},"end":{"line":41,"column":73}}]}},"b":{"0":[2],"1":[1],"2":[0],"3":[2],"4":[2],"5":[1],"6":[1]},"fnMap":{"0":{"name":"<instance_members_initializer>","decl":{"start":{"line":16,"column":2},"end":{"line":21,"column":4}},"loc":{"start":{"line":16,"column":2},"end":{"line":21,"column":4}},"line":16},"1":{"name":"fetchPosts","decl":{"start":{"line":23,"column":2},"end":{"line":46,"column":3}},"loc":{"start":{"line":23,"column":2},"end":{"line":46,"column":3}},"line":23}},"f":{"0":2,"1":1}}
,"/Users/zhenqiang/Documents/code/devpulse/packages/core/src/adapters/index.ts": {"path":"/Users/zhenqiang/Documents/code/devpulse/packages/core/src/adapters/index.ts","all":false,"statementMap":{"1":{"start":{"line":2,"column":0},"end":{"line":2,"column":60}},"2":{"start":{"line":3,"column":0},"end":{"line":3,"column":52}},"3":{"start":{"line":4,"column":0},"end":{"line":4,"column":48}},"4":{"start":{"line":5,"column":0},"end":{"line":5,"column":52}},"6":{"start":{"line":7,"column":0},"end":{"line":7,"column":44}},"8":{"start":{"line":9,"column":0},"end":{"line":9,"column":37}},"9":{"start":{"line":10,"column":0},"end":{"line":10,"column":38}},"10":{"start":{"line":11,"column":0},"end":{"line":11,"column":1}},"12":{"start":{"line":13,"column":0},"end":{"line":13,"column":34}},"13":{"start":{"line":14,"column":0},"end":{"line":14,"column":30}},"14":{"start":{"line":15,"column":0},"end":{"line":15,"column":28}},"15":{"start":{"line":16,"column":0},"end":{"line":16,"column":30}},"17":{"start":{"line":18,"column":0},"end":{"line":18,"column":63}},"18":{"start":{"line":19,"column":0},"end":{"line":19,"column":28}},"19":{"start":{"line":20,"column":0},"end":{"line":20,"column":1}},"21":{"start":{"line":22,"column":0},"end":{"line":22,"column":45}},"22":{"start":{"line":23,"column":0},"end":{"line":23,"column":39}},"23":{"start":{"line":24,"column":0},"end":{"line":24,"column":1}}},"s":{"1":1,"2":1,"3":1,"4":1,"6":1,"8":4,"9":4,"10":4,"12":1,"13":1,"14":1,"15":1,"17":1,"18":2,"19":2,"21":1,"22":1,"23":1},"branchMap":{"0":{"type":"branch","line":9,"loc":{"start":{"line":9,"column":0},"end":{"line":11,"column":1}},"locations":[{"start":{"line":9,"column":0},"end":{"line":11,"column":1}}]},"1":{"type":"branch","line":18,"loc":{"start":{"line":18,"column":7},"end":{"line":20,"column":1}},"locations":[{"start":{"line":18,"column":7},"end":{"line":20,"column":1}}]},"2":{"type":"branch","line":22,"loc":{"start":{"line":22,"column":7},"end":{"line":24,"column":1}},"locations":[{"start":{"line":22,"column":7},"end":{"line":24,"column":1}}]}},"b":{"0":[4],"1":[2],"2":[1]},"fnMap":{"0":{"name":"register","decl":{"start":{"line":9,"column":0},"end":{"line":11,"column":1}},"loc":{"start":{"line":9,"column":0},"end":{"line":11,"column":1}},"line":9},"1":{"name":"getAdapter","decl":{"start":{"line":18,"column":7},"end":{"line":20,"column":1}},"loc":{"start":{"line":18,"column":7},"end":{"line":20,"column":1}},"line":18},"2":{"name":"getAllAdapters","decl":{"start":{"line":22,"column":7},"end":{"line":24,"column":1}},"loc":{"start":{"line":22,"column":7},"end":{"line":24,"column":1}},"line":22}},"f":{"0":4,"1":2,"2":1}}
,"/Users/zhenqiang/Documents/code/devpulse/packages/core/src/adapters/medium.adapter.ts": {"path":"/Users/zhenqiang/Documents/code/devpulse/packages/core/src/adapters/medium.adapter.ts","all":false,"statementMap":{"0":{"start":{"line":1,"column":0},"end":{"line":1,"column":35}},"3":{"start":{"line":4,"column":0},"end":{"line":4,"column":31}},"5":{"start":{"line":6,"column":0},"end":{"line":6,"column":47}},"6":{"start":{"line":7,"column":0},"end":{"line":7,"column":18}},"7":{"start":{"line":8,"column":0},"end":{"line":8,"column":25}},"9":{"start":{"line":10,"column":0},"end":{"line":10,"column":18}},"10":{"start":{"line":11,"column":0},"end":{"line":11,"column":142}},"11":{"start":{"line":12,"column":0},"end":{"line":12,"column":4}},"13":{"start":{"line":14,"column":0},"end":{"line":14,"column":60}},"14":{"start":{"line":15,"column":0},"end":{"line":15,"column":80}},"15":{"start":{"line":16,"column":0},"end":{"line":16,"column":48}},"17":{"start":{"line":18,"column":0},"end":{"line":18,"column":45}},"18":{"start":{"line":19,"column":0},"end":{"line":19,"column":58}},"19":{"start":{"line":20,"column":0},"end":{"line":20,"column":38}},"20":{"start":{"line":21,"column":0},"end":{"line":21,"column":50}},"21":{"start":{"line":22,"column":0},"end":{"line":22,"column":27}},"22":{"start":{"line":23,"column":0},"end":{"line":23,"column":27}},"23":{"start":{"line":24,"column":0},"end":{"line":24,"column":15}},"24":{"start":{"line":25,"column":0},"end":{"line":25,"column":69}},"25":{"start":{"line":26,"column":0},"end":{"line":26,"column":8}},"26":{"start":{"line":27,"column":0},"end":{"line":27,"column":3}},"27":{"start":{"line":28,"column":0},"end":{"line":28,"column":1}}},"s":{"0":1,"3":1,"5":1,"6":1,"7":2,"9":2,"10":2,"11":2,"13":1,"14":1,"15":1,"17":1,"18":1,"19":1,"20":1,"21":1,"22":1,"23":1,"24":1,"25":1,"26":1,"27":1},"branchMap":{"0":{"type":"branch","line":7,"loc":{"start":{"line":7,"column":2},"end":{"line":12,"column":4}},"locations":[{"start":{"line":7,"column":2},"end":{"line":12,"column":4}}]},"1":{"type":"branch","line":14,"loc":{"start":{"line":14,"column":2},"end":{"line":27,"column":3}},"locations":[{"start":{"line":14,"column":2},"end":{"line":27,"column":3}}]},"2":{"type":"branch","line":15,"loc":{"start":{"line":15,"column":27},"end":{"line":15,"column":80}},"locations":[{"start":{"line":15,"column":27},"end":{"line":15,"column":80}}]},"3":{"type":"branch","line":18,"loc":{"start":{"line":18,"column":26},"end":{"line":26,"column":6}},"locations":[{"start":{"line":18,"column":26},"end":{"line":26,"column":6}}]},"4":{"type":"branch","line":19,"loc":{"start":{"line":19,"column":23},"end":{"line":19,"column":44}},"locations":[{"start":{"line":19,"column":23},"end":{"line":19,"column":44}}]},"5":{"type":"branch","line":19,"loc":{"start":{"line":19,"column":36},"end":{"line":19,"column":58}},"locations":[{"start":{"line":19,"column":36},"end":{"line":19,"column":58}}]},"6":{"type":"branch","line":20,"loc":{"start":{"line":20,"column":18},"end":{"line":20,"column":38}},"locations":[{"start":{"line":20,"column":18},"end":{"line":20,"column":38}}]},"7":{"type":"branch","line":22,"loc":{"start":{"line":22,"column":16},"end":{"line":22,"column":27}},"locations":[{"start":{"line":22,"column":16},"end":{"line":22,"column":27}}]},"8":{"type":"branch","line":25,"loc":{"start":{"line":25,"column":55},"end":{"line":25,"column":69}},"locations":[{"start":{"line":25,"column":55},"end":{"line":25,"column":69}}]}},"b":{"0":[2],"1":[1],"2":[0],"3":[1],"4":[0],"5":[0],"6":[0],"7":[0],"8":[0]},"fnMap":{"0":{"name":"<instance_members_initializer>","decl":{"start":{"line":7,"column":2},"end":{"line":12,"column":4}},"loc":{"start":{"line":7,"column":2},"end":{"line":12,"column":4}},"line":7},"1":{"name":"fetchPosts","decl":{"start":{"line":14,"column":2},"end":{"line":27,"column":3}},"loc":{"start":{"line":14,"column":2},"end":{"line":27,"column":3}},"line":14}},"f":{"0":2,"1":1}}
,"/Users/zhenqiang/Documents/code/devpulse/packages/core/src/adapters/reddit.adapter.ts": {"path":"/Users/zhenqiang/Documents/code/devpulse/packages/core/src/adapters/reddit.adapter.ts","all":false,"statementMap":{"13":{"start":{"line":14,"column":0},"end":{"line":14,"column":47}},"14":{"start":{"line":15,"column":0},"end":{"line":15,"column":18}},"15":{"start":{"line":16,"column":0},"end":{"line":16,"column":25}},"17":{"start":{"line":18,"column":0},"end":{"line":18,"column":18}},"18":{"start":{"line":19,"column":0},"end":{"line":19,"column":118}},"19":{"start":{"line":20,"column":0},"end":{"line":20,"column":92}},"20":{"start":{"line":21,"column":0},"end":{"line":21,"column":4}},"22":{"start":{"line":23,"column":0},"end":{"line":23,"column":60}},"23":{"start":{"line":24,"column":0},"end":{"line":24,"column":56}},"24":{"start":{"line":25,"column":0},"end":{"line":25,"column":39}},"26":{"start":{"line":27,"column":0},"end":{"line":27,"column":28}},"27":{"start":{"line":28,"column":0},"end":{"line":28,"column":70}},"28":{"start":{"line":29,"column":0},"end":{"line":29,"column":51}},"29":{"start":{"line":30,"column":0},"end":{"line":30,"column":6}},"30":{"start":{"line":31,"column":0},"end":{"line":31,"column":34}},"32":{"start":{"line":33,"column":0},"end":{"line":33,"column":68}},"33":{"start":{"line":34,"column":0},"end":{"line":34,"column":27}},"34":{"start":{"line":35,"column":0},"end":{"line":35,"column":14}},"35":{"start":{"line":36,"column":0},"end":{"line":36,"column":25}},"36":{"start":{"line":37,"column":0},"end":{"line":37,"column":23}},"37":{"start":{"line":38,"column":0},"end":{"line":38,"column":56}},"38":{"start":{"line":39,"column":0},"end":{"line":39,"column":74}},"39":{"start":{"line":40,"column":0},"end":{"line":40,"column":25}},"40":{"start":{"line":41,"column":0},"end":{"line":41,"column":23}},"41":{"start":{"line":42,"column":0},"end":{"line":42,"column":52}},"42":{"start":{"line":43,"column":0},"end":{"line":43,"column":8}},"43":{"start":{"line":44,"column":0},"end":{"line":44,"column":7}},"44":{"start":{"line":45,"column":0},"end":{"line":45,"column":3}},"45":{"start":{"line":46,"column":0},"end":{"line":46,"column":1}}},"s":{"13":1,"14":1,"15":2,"17":2,"18":2,"19":2,"20":2,"22":1,"23":1,"24":1,"26":1,"27":1,"28":1,"29":1,"30":1,"32":1,"33":1,"34":1,"35":1,"36":1,"37":1,"38":1,"39":1,"40":1,"41":1,"42":1,"43":1,"44":1,"45":1},"branchMap":{"0":{"type":"branch","line":15,"loc":{"start":{"line":15,"column":2},"end":{"line":21,"column":4}},"locations":[{"start":{"line":15,"column":2},"end":{"line":21,"column":4}}]},"1":{"type":"branch","line":23,"loc":{"start":{"line":23,"column":2},"end":{"line":45,"column":3}},"locations":[{"start":{"line":23,"column":2},"end":{"line":45,"column":3}}]},"2":{"type":"branch","line":24,"loc":{"start":{"line":24,"column":29},"end":{"line":24,"column":56}},"locations":[{"start":{"line":24,"column":29},"end":{"line":24,"column":56}}]},"3":{"type":"branch","line":25,"loc":{"start":{"line":25,"column":25},"end":{"line":25,"column":39}},"locations":[{"start":{"line":25,"column":25},"end":{"line":25,"column":39}}]},"4":{"type":"branch","line":33,"loc":{"start":{"line":33,"column":34},"end":{"line":44,"column":5}},"locations":[{"start":{"line":33,"column":34},"end":{"line":44,"column":5}}]},"5":{"type":"branch","line":38,"loc":{"start":{"line":38,"column":41},"end":{"line":38,"column":56}},"locations":[{"start":{"line":38,"column":41},"end":{"line":38,"column":56}}]},"6":{"type":"branch","line":39,"loc":{"start":{"line":39,"column":33},"end":{"line":39,"column":68}},"locations":[{"start":{"line":39,"column":33},"end":{"line":39,"column":68}}]}},"b":{"0":[2],"1":[1],"2":[0],"3":[0],"4":[1],"5":[0],"6":[0]},"fnMap":{"0":{"name":"<instance_members_initializer>","decl":{"start":{"line":15,"column":2},"end":{"line":21,"column":4}},"loc":{"start":{"line":15,"column":2},"end":{"line":21,"column":4}},"line":15},"1":{"name":"fetchPosts","decl":{"start":{"line":23,"column":2},"end":{"line":45,"column":3}},"loc":{"start":{"line":23,"column":2},"end":{"line":45,"column":3}},"line":23}},"f":{"0":2,"1":1}}
,"/Users/zhenqiang/Documents/code/devpulse/packages/core/src/adapters/v2ex.adapter.ts": {"path":"/Users/zhenqiang/Documents/code/devpulse/packages/core/src/adapters/v2ex.adapter.ts","all":false,"statementMap":{"12":{"start":{"line":13,"column":0},"end":{"line":13,"column":45}},"13":{"start":{"line":14,"column":0},"end":{"line":14,"column":16}},"14":{"start":{"line":15,"column":0},"end":{"line":15,"column":23}},"16":{"start":{"line":17,"column":0},"end":{"line":17,"column":18}},"17":{"start":{"line":18,"column":0},"end":{"line":18,"column":75}},"18":{"start":{"line":19,"column":0},"end":{"line":19,"column":4}},"20":{"start":{"line":21,"column":0},"end":{"line":21,"column":60}},"21":{"start":{"line":22,"column":0},"end":{"line":22,"column":47}},"22":{"start":{"line":23,"column":0},"end":{"line":23,"column":23}},"23":{"start":{"line":24,"column":0},"end":{"line":24,"column":58}},"24":{"start":{"line":25,"column":0},"end":{"line":25,"column":5}},"26":{"start":{"line":27,"column":0},"end":{"line":27,"column":85}},"27":{"start":{"line":28,"column":0},"end":{"line":28,"column":49}},"29":{"start":{"line":30,"column":0},"end":{"line":30,"column":31}},"30":{"start":{"line":31,"column":0},"end":{"line":31,"column":31}},"31":{"start":{"line":32,"column":0},"end":{"line":32,"column":21}},"32":{"start":{"line":33,"column":0},"end":{"line":33,"column":53}},"33":{"start":{"line":34,"column":0},"end":{"line":34,"column":53}},"34":{"start":{"line":35,"column":0},"end":{"line":35,"column":33}},"35":{"start":{"line":36,"column":0},"end":{"line":36,"column":23}},"36":{"start":{"line":37,"column":0},"end":{"line":37,"column":46}},"37":{"start":{"line":38,"column":0},"end":{"line":38,"column":8}},"38":{"start":{"line":39,"column":0},"end":{"line":39,"column":3}},"39":{"start":{"line":40,"column":0},"end":{"line":40,"column":1}}},"s":{"12":1,"13":1,"14":2,"16":2,"17":2,"18":2,"20":1,"21":1,"22":1,"23":0,"24":0,"26":1,"27":1,"29":1,"30":1,"31":1,"32":1,"33":1,"34":1,"35":1,"36":1,"37":1,"38":1,"39":1},"branchMap":{"0":{"type":"branch","line":14,"loc":{"start":{"line":14,"column":2},"end":{"line":19,"column":4}},"locations":[{"start":{"line":14,"column":2},"end":{"line":19,"column":4}}]},"1":{"type":"branch","line":21,"loc":{"start":{"line":21,"column":2},"end":{"line":39,"column":3}},"locations":[{"start":{"line":21,"column":2},"end":{"line":39,"column":3}}]},"2":{"type":"branch","line":23,"loc":{"start":{"line":23,"column":22},"end":{"line":25,"column":5}},"locations":[{"start":{"line":23,"column":22},"end":{"line":25,"column":5}}]},"3":{"type":"branch","line":30,"loc":{"start":{"line":30,"column":22},"end":{"line":38,"column":6}},"locations":[{"start":{"line":30,"column":22},"end":{"line":38,"column":6}}]},"4":{"type":"branch","line":33,"loc":{"start":{"line":33,"column":38},"end":{"line":33,"column":53}},"locations":[{"start":{"line":33,"column":38},"end":{"line":33,"column":53}}]},"5":{"type":"branch","line":34,"loc":{"start":{"line":34,"column":13},"end":{"line":34,"column":53}},"locations":[{"start":{"line":34,"column":13},"end":{"line":34,"column":53}}]}},"b":{"0":[2],"1":[1],"2":[0],"3":[1],"4":[0],"5":[0]},"fnMap":{"0":{"name":"<instance_members_initializer>","decl":{"start":{"line":14,"column":2},"end":{"line":19,"column":4}},"loc":{"start":{"line":14,"column":2},"end":{"line":19,"column":4}},"line":14},"1":{"name":"fetchPosts","decl":{"start":{"line":21,"column":2},"end":{"line":39,"column":3}},"loc":{"start":{"line":21,"column":2},"end":{"line":39,"column":3}},"line":21}},"f":{"0":2,"1":1}}
,"/Users/zhenqiang/Documents/code/devpulse/packages/core/src/db/connection.ts": {"path":"/Users/zhenqiang/Documents/code/devpulse/packages/core/src/db/connection.ts","all":false,"statementMap":{"0":{"start":{"line":1,"column":0},"end":{"line":1,"column":38}},"1":{"start":{"line":2,"column":0},"end":{"line":2,"column":53}},"2":{"start":{"line":3,"column":0},"end":{"line":3,"column":38}},"4":{"start":{"line":5,"column":0},"end":{"line":5,"column":42}},"5":{"start":{"line":6,"column":0},"end":{"line":6,"column":38}},"6":{"start":{"line":7,"column":0},"end":{"line":7,"column":38}},"7":{"start":{"line":8,"column":0},"end":{"line":8,"column":37}},"8":{"start":{"line":9,"column":0},"end":{"line":9,"column":37}},"9":{"start":{"line":10,"column":0},"end":{"line":10,"column":1}}},"s":{"0":1,"1":1,"2":1,"4":1,"5":1,"6":1,"7":1,"8":1,"9":1},"branchMap":{"0":{"type":"branch","line":5,"loc":{"start":{"line":5,"column":7},"end":{"line":10,"column":1}},"locations":[{"start":{"line":5,"column":7},"end":{"line":10,"column":1}}]}},"b":{"0":[1]},"fnMap":{"0":{"name":"createDb","decl":{"start":{"line":5,"column":7},"end":{"line":10,"column":1}},"loc":{"start":{"line":5,"column":7},"end":{"line":10,"column":1}},"line":5}},"f":{"0":1}}
,"/Users/zhenqiang/Documents/code/devpulse/packages/core/src/db/migrate.ts": {"path":"/Users/zhenqiang/Documents/code/devpulse/packages/core/src/db/migrate.ts","all":false,"statementMap":{"0":{"start":{"line":1,"column":0},"end":{"line":1,"column":38}},"2":{"start":{"line":3,"column":0},"end":{"line":3,"column":27}},"68":{"start":{"line":69,"column":0},"end":{"line":69,"column":41}},"69":{"start":{"line":70,"column":0},"end":{"line":70,"column":38}},"70":{"start":{"line":71,"column":0},"end":{"line":71,"column":38}},"71":{"start":{"line":72,"column":0},"end":{"line":72,"column":37}},"72":{"start":{"line":73,"column":0},"end":{"line":73,"column":33}},"73":{"start":{"line":74,"column":0},"end":{"line":74,"column":17}},"74":{"start":{"line":75,"column":0},"end":{"line":75,"column":1}}},"s":{"0":1,"2":1,"68":1,"69":3,"70":3,"71":3,"72":3,"73":3,"74":3},"branchMap":{"0":{"type":"branch","line":69,"loc":{"start":{"line":69,"column":7},"end":{"line":75,"column":1}},"locations":[{"start":{"line":69,"column":7},"end":{"line":75,"column":1}}]}},"b":{"0":[3]},"fnMap":{"0":{"name":"migrate","decl":{"start":{"line":69,"column":7},"end":{"line":75,"column":1}},"loc":{"start":{"line":69,"column":7},"end":{"line":75,"column":1}},"line":69}},"f":{"0":3}}
,"/Users/zhenqiang/Documents/code/devpulse/packages/core/src/db/schema.ts": {"path":"/Users/zhenqiang/Documents/code/devpulse/packages/core/src/db/schema.ts","all":false,"statementMap":{"0":{"start":{"line":1,"column":0},"end":{"line":1,"column":100}},"1":{"start":{"line":2,"column":0},"end":{"line":2,"column":34}},"3":{"start":{"line":4,"column":0},"end":{"line":4,"column":20}},"4":{"start":{"line":5,"column":0},"end":{"line":5,"column":74}},"5":{"start":{"line":6,"column":0},"end":{"line":6,"column":74}},"6":{"start":{"line":7,"column":0},"end":{"line":7,"column":2}},"8":{"start":{"line":9,"column":0},"end":{"line":9,"column":43}},"9":{"start":{"line":10,"column":0},"end":{"line":10,"column":30}},"10":{"start":{"line":11,"column":0},"end":{"line":11,"column":31}},"11":{"start":{"line":12,"column":0},"end":{"line":12,"column":37}},"12":{"start":{"line":13,"column":0},"end":{"line":13,"column":51}},"13":{"start":{"line":14,"column":0},"end":{"line":14,"column":65}},"14":{"start":{"line":15,"column":0},"end":{"line":15,"column":41}},"15":{"start":{"line":16,"column":0},"end":{"line":16,"column":16}},"16":{"start":{"line":17,"column":0},"end":{"line":17,"column":3}},"18":{"start":{"line":19,"column":0},"end":{"line":19,"column":56}},"19":{"start":{"line":20,"column":0},"end":{"line":20,"column":30}},"20":{"start":{"line":21,"column":0},"end":{"line":21,"column":63}},"21":{"start":{"line":22,"column":0},"end":{"line":22,"column":29}},"22":{"start":{"line":23,"column":0},"end":{"line":23,"column":33}},"23":{"start":{"line":24,"column":0},"end":{"line":24,"column":16}},"24":{"start":{"line":25,"column":0},"end":{"line":25,"column":15}},"25":{"start":{"line":26,"column":0},"end":{"line":26,"column":77}},"26":{"start":{"line":27,"column":0},"end":{"line":27,"column":3}},"28":{"start":{"line":29,"column":0},"end":{"line":29,"column":43}},"29":{"start":{"line":30,"column":0},"end":{"line":30,"column":30}},"30":{"start":{"line":31,"column":0},"end":{"line":31,"column":63}},"31":{"start":{"line":32,"column":0},"end":{"line":32,"column":44}},"32":{"start":{"line":33,"column":0},"end":{"line":33,"column":33}},"33":{"start":{"line":34,"column":0},"end":{"line":34,"column":27}},"34":{"start":{"line":35,"column":0},"end":{"line":35,"column":29}},"35":{"start":{"line":36,"column":0},"end":{"line":36,"column":25}},"36":{"start":{"line":37,"column":0},"end":{"line":37,"column":37}},"37":{"start":{"line":38,"column":0},"end":{"line":38,"column":28}},"38":{"start":{"line":39,"column":0},"end":{"line":39,"column":30}},"39":{"start":{"line":40,"column":0},"end":{"line":40,"column":36}},"40":{"start":{"line":41,"column":0},"end":{"line":41,"column":42}},"41":{"start":{"line":42,"column":0},"end":{"line":42,"column":16}},"42":{"start":{"line":43,"column":0},"end":{"line":43,"column":15}},"43":{"start":{"line":44,"column":0},"end":{"line":44,"column":79}},"44":{"start":{"line":45,"column":0},"end":{"line":45,"column":3}},"46":{"start":{"line":47,"column":0},"end":{"line":47,"column":41}},"47":{"start":{"line":48,"column":0},"end":{"line":48,"column":30}},"48":{"start":{"line":49,"column":0},"end":{"line":49,"column":40}},"49":{"start":{"line":50,"column":0},"end":{"line":50,"column":16}},"50":{"start":{"line":51,"column":0},"end":{"line":51,"column":3}},"52":{"start":{"line":53,"column":0},"end":{"line":53,"column":50}},"53":{"start":{"line":54,"column":0},"end":{"line":54,"column":63}},"54":{"start":{"line":55,"column":0},"end":{"line":55,"column":60}},"55":{"start":{"line":56,"column":0},"end":{"line":56,"column":16}},"56":{"start":{"line":57,"column":0},"end":{"line":57,"column":15}},"57":{"start":{"line":58,"column":0},"end":{"line":58,"column":55}},"58":{"start":{"line":59,"column":0},"end":{"line":59,"column":3}},"60":{"start":{"line":61,"column":0},"end":{"line":61,"column":56}},"61":{"start":{"line":62,"column":0},"end":{"line":62,"column":30}},"62":{"start":{"line":63,"column":0},"end":{"line":63,"column":72}},"63":{"start":{"line":64,"column":0},"end":{"line":64,"column":16}},"64":{"start":{"line":65,"column":0},"end":{"line":65,"column":3}},"66":{"start":{"line":67,"column":0},"end":{"line":67,"column":51}},"67":{"start":{"line":68,"column":0},"end":{"line":68,"column":30}},"68":{"start":{"line":69,"column":0},"end":{"line":69,"column":46}},"69":{"start":{"line":70,"column":0},"end":{"line":70,"column":48}},"70":{"start":{"line":71,"column":0},"end":{"line":71,"column":35}},"71":{"start":{"line":72,"column":0},"end":{"line":72,"column":16}},"72":{"start":{"line":73,"column":0},"end":{"line":73,"column":3}}},"s":{"0":1,"1":1,"3":1,"4":1,"5":1,"6":1,"8":1,"9":1,"10":1,"11":1,"12":1,"13":1,"14":1,"15":1,"16":1,"18":1,"19":1,"20":1,"21":1,"22":1,"23":1,"24":1,"25":33,"26":33,"28":1,"29":1,"30":1,"31":1,"32":1,"33":1,"34":1,"35":1,"36":1,"37":1,"38":1,"39":1,"40":1,"41":1,"42":1,"43":33,"44":33,"46":1,"47":1,"48":1,"49":1,"50":1,"52":1,"53":1,"54":1,"55":1,"56":1,"57":33,"58":33,"60":1,"61":1,"62":1,"63":1,"64":1,"66":1,"67":1,"68":1,"69":1,"70":1,"71":1,"72":1},"branchMap":{"0":{"type":"branch","line":25,"loc":{"start":{"line":25,"column":3},"end":{"line":27,"column":3}},"locations":[{"start":{"line":25,"column":3},"end":{"line":27,"column":3}}]},"1":{"type":"branch","line":43,"loc":{"start":{"line":43,"column":3},"end":{"line":45,"column":3}},"locations":[{"start":{"line":43,"column":3},"end":{"line":45,"column":3}}]},"2":{"type":"branch","line":57,"loc":{"start":{"line":57,"column":3},"end":{"line":59,"column":3}},"locations":[{"start":{"line":57,"column":3},"end":{"line":59,"column":3}}]}},"b":{"0":[33],"1":[33],"2":[33]},"fnMap":{},"f":{}}
,"/Users/zhenqiang/Documents/code/devpulse/packages/core/src/services/ai.service.ts": {"path":"/Users/zhenqiang/Documents/code/devpulse/packages/core/src/services/ai.service.ts","all":false,"statementMap":{"0":{"start":{"line":1,"column":0},"end":{"line":1,"column":42}},"20":{"start":{"line":21,"column":0},"end":{"line":21,"column":24}},"21":{"start":{"line":22,"column":0},"end":{"line":22,"column":28}},"23":{"start":{"line":24,"column":0},"end":{"line":24,"column":31}},"24":{"start":{"line":25,"column":0},"end":{"line":25,"column":44}},"25":{"start":{"line":26,"column":0},"end":{"line":26,"column":3}},"27":{"start":{"line":28,"column":0},"end":{"line":28,"column":92}},"28":{"start":{"line":29,"column":0},"end":{"line":29,"column":38}},"30":{"start":{"line":31,"column":0},"end":{"line":31,"column":34}},"31":{"start":{"line":32,"column":0},"end":{"line":32,"column":53}},"32":{"start":{"line":33,"column":0},"end":{"line":33,"column":56}},"34":{"start":{"line":35,"column":0},"end":{"line":35,"column":26}},"35":{"start":{"line":36,"column":0},"end":{"line":36,"column":91}},"36":{"start":{"line":37,"column":0},"end":{"line":37,"column":18}},"38":{"start":{"line":39,"column":0},"end":{"line":39,"column":73}},"39":{"start":{"line":40,"column":0},"end":{"line":40,"column":31}},"42":{"start":{"line":43,"column":0},"end":{"line":43,"column":11}},"47":{"start":{"line":48,"column":0},"end":{"line":48,"column":9}},"48":{"start":{"line":49,"column":0},"end":{"line":49,"column":58}},"49":{"start":{"line":50,"column":0},"end":{"line":50,"column":42}},"50":{"start":{"line":51,"column":0},"end":{"line":51,"column":25}},"51":{"start":{"line":52,"column":0},"end":{"line":52,"column":54}},"52":{"start":{"line":53,"column":0},"end":{"line":53,"column":9}},"54":{"start":{"line":55,"column":0},"end":{"line":55,"column":87}},"55":{"start":{"line":56,"column":0},"end":{"line":56,"column":50}},"56":{"start":{"line":57,"column":0},"end":{"line":57,"column":32}},"58":{"start":{"line":59,"column":0},"end":{"line":59,"column":55}},"59":{"start":{"line":60,"column":0},"end":{"line":60,"column":21}},"60":{"start":{"line":61,"column":0},"end":{"line":61,"column":49}},"61":{"start":{"line":62,"column":0},"end":{"line":62,"column":16}},"62":{"start":{"line":63,"column":0},"end":{"line":63,"column":5}},"63":{"start":{"line":64,"column":0},"end":{"line":64,"column":3}},"64":{"start":{"line":65,"column":0},"end":{"line":65,"column":1}}},"s":{"0":1,"20":1,"21":1,"23":1,"24":2,"25":2,"27":1,"28":2,"30":2,"31":2,"32":2,"34":2,"35":2,"36":2,"38":2,"39":2,"42":2,"47":2,"48":2,"49":2,"50":2,"51":2,"52":2,"54":2,"55":2,"56":2,"58":1,"59":1,"60":1,"61":1,"62":1,"63":2,"64":1},"branchMap":{"0":{"type":"branch","line":22,"loc":{"start":{"line":22,"column":10},"end":{"line":22,"column":28}},"locations":[{"start":{"line":22,"column":10},"end":{"line":22,"column":28}}]},"1":{"type":"branch","line":24,"loc":{"start":{"line":24,"column":2},"end":{"line":26,"column":3}},"locations":[{"start":{"line":24,"column":2},"end":{"line":26,"column":3}}]},"2":{"type":"branch","line":28,"loc":{"start":{"line":28,"column":2},"end":{"line":64,"column":3}},"locations":[{"start":{"line":28,"column":2},"end":{"line":64,"column":3}}]},"3":{"type":"branch","line":29,"loc":{"start":{"line":29,"column":28},"end":{"line":29,"column":38}},"locations":[{"start":{"line":29,"column":28},"end":{"line":29,"column":38}}]},"4":{"type":"branch","line":33,"loc":{"start":{"line":33,"column":16},"end":{"line":33,"column":56}},"locations":[{"start":{"line":33,"column":16},"end":{"line":33,"column":56}}]},"5":{"type":"branch","line":53,"loc":{"start":{"line":53,"column":7},"end":{"line":55,"column":84}},"locations":[{"start":{"line":53,"column":7},"end":{"line":55,"column":84}}]},"6":{"type":"branch","line":55,"loc":{"start":{"line":55,"column":77},"end":{"line":55,"column":87}},"locations":[{"start":{"line":55,"column":77},"end":{"line":55,"column":87}}]},"7":{"type":"branch","line":57,"loc":{"start":{"line":57,"column":22},"end":{"line":57,"column":32}},"locations":[{"start":{"line":57,"column":22},"end":{"line":57,"column":32}}]},"8":{"type":"branch","line":57,"loc":{"start":{"line":57,"column":30},"end":{"line":63,"column":5}},"locations":[{"start":{"line":57,"column":30},"end":{"line":63,"column":5}}]},"9":{"type":"branch","line":32,"loc":{"start":{"line":32,"column":11},"end":{"line":32,"column":52}},"locations":[{"start":{"line":32,"column":11},"end":{"line":32,"column":52}}]},"10":{"type":"branch","line":36,"loc":{"start":{"line":36,"column":11},"end":{"line":36,"column":90}},"locations":[{"start":{"line":36,"column":11},"end":{"line":36,"column":90}}]},"11":{"type":"branch","line":36,"loc":{"start":{"line":36,"column":56},"end":{"line":36,"column":86}},"locations":[{"start":{"line":36,"column":56},"end":{"line":36,"column":86}}]},"12":{"type":"branch","line":36,"loc":{"start":{"line":36,"column":81},"end":{"line":36,"column":88}},"locations":[{"start":{"line":36,"column":81},"end":{"line":36,"column":88}}]}},"b":{"0":[2],"1":[2],"2":[2],"3":[0],"4":[1],"5":[1],"6":[0],"7":[0],"8":[1],"9":[1],"10":[3],"11":[2],"12":[1]},"fnMap":{"0":{"name":"<instance_members_initializer>","decl":{"start":{"line":22,"column":10},"end":{"line":22,"column":28}},"loc":{"start":{"line":22,"column":10},"end":{"line":22,"column":28}},"line":22},"1":{"name":"AiService","decl":{"start":{"line":24,"column":2},"end":{"line":26,"column":3}},"loc":{"start":{"line":24,"column":2},"end":{"line":26,"column":3}},"line":24},"2":{"name":"scorePosts","decl":{"start":{"line":28,"column":2},"end":{"line":64,"column":3}},"loc":{"start":{"line":28,"column":2},"end":{"line":64,"column":3}},"line":28}},"f":{"0":2,"1":2,"2":2}}
,"/Users/zhenqiang/Documents/code/devpulse/packages/core/src/services/fetcher.service.ts": {"path":"/Users/zhenqiang/Documents/code/devpulse/packages/core/src/services/fetcher.service.ts","all":false,"statementMap":{"6":{"start":{"line":7,"column":0},"end":{"line":7,"column":22}},"8":{"start":{"line":9,"column":0},"end":{"line":9,"column":29}},"9":{"start":{"line":10,"column":0},"end":{"line":10,"column":14}},"10":{"start":{"line":11,"column":0},"end":{"line":11,"column":37}},"11":{"start":{"line":12,"column":0},"end":{"line":12,"column":37}},"12":{"start":{"line":13,"column":0},"end":{"line":13,"column":45}},"13":{"start":{"line":14,"column":0},"end":{"line":14,"column":40}},"14":{"start":{"line":15,"column":0},"end":{"line":15,"column":62}},"15":{"start":{"line":16,"column":0},"end":{"line":16,"column":6}},"17":{"start":{"line":18,"column":0},"end":{"line":18,"column":35}},"18":{"start":{"line":19,"column":0},"end":{"line":19,"column":50}},"19":{"start":{"line":20,"column":0},"end":{"line":20,"column":59}},"21":{"start":{"line":22,"column":0},"end":{"line":22,"column":50}},"22":{"start":{"line":23,"column":0},"end":{"line":23,"column":71}},"24":{"start":{"line":25,"column":0},"end":{"line":25,"column":55}},"26":{"start":{"line":27,"column":0},"end":{"line":27,"column":17}},"27":{"start":{"line":28,"column":0},"end":{"line":28,"column":9}},"28":{"start":{"line":29,"column":0},"end":{"line":29,"column":50}},"29":{"start":{"line":30,"column":0},"end":{"line":30,"column":21}},"30":{"start":{"line":31,"column":0},"end":{"line":31,"column":65}},"31":{"start":{"line":32,"column":0},"end":{"line":32,"column":13}},"32":{"start":{"line":33,"column":0},"end":{"line":33,"column":5}},"34":{"start":{"line":35,"column":0},"end":{"line":35,"column":49}},"37":{"start":{"line":38,"column":0},"end":{"line":38,"column":81}},"40":{"start":{"line":41,"column":0},"end":{"line":41,"column":32}},"42":{"start":{"line":43,"column":0},"end":{"line":43,"column":53}},"43":{"start":{"line":44,"column":0},"end":{"line":44,"column":57}},"44":{"start":{"line":45,"column":0},"end":{"line":45,"column":69}},"46":{"start":{"line":47,"column":0},"end":{"line":47,"column":64}},"47":{"start":{"line":48,"column":0},"end":{"line":48,"column":59}},"48":{"start":{"line":49,"column":0},"end":{"line":49,"column":38}},"49":{"start":{"line":50,"column":0},"end":{"line":50,"column":23}},"50":{"start":{"line":51,"column":0},"end":{"line":51,"column":40}},"51":{"start":{"line":52,"column":0},"end":{"line":52,"column":26}},"52":{"start":{"line":53,"column":0},"end":{"line":53,"column":10}},"54":{"start":{"line":55,"column":0},"end":{"line":55,"column":53}},"55":{"start":{"line":56,"column":0},"end":{"line":56,"column":15}},"56":{"start":{"line":57,"column":0},"end":{"line":57,"column":71}},"57":{"start":{"line":58,"column":0},"end":{"line":58,"column":8}},"59":{"start":{"line":60,"column":0},"end":{"line":60,"column":36}},"60":{"start":{"line":61,"column":0},"end":{"line":61,"column":41}},"61":{"start":{"line":62,"column":0},"end":{"line":62,"column":19}},"62":{"start":{"line":63,"column":0},"end":{"line":63,"column":92}},"63":{"start":{"line":64,"column":0},"end":{"line":64,"column":9}},"64":{"start":{"line":65,"column":0},"end":{"line":65,"column":7}},"65":{"start":{"line":66,"column":0},"end":{"line":66,"column":5}},"66":{"start":{"line":67,"column":0},"end":{"line":67,"column":3}},"68":{"start":{"line":69,"column":0},"end":{"line":69,"column":20}},"69":{"start":{"line":70,"column":0},"end":{"line":70,"column":56}},"70":{"start":{"line":71,"column":0},"end":{"line":71,"column":38}},"71":{"start":{"line":72,"column":0},"end":{"line":72,"column":36}},"72":{"start":{"line":73,"column":0},"end":{"line":73,"column":5}},"73":{"start":{"line":74,"column":0},"end":{"line":74,"column":3}},"74":{"start":{"line":75,"column":0},"end":{"line":75,"column":1}}},"s":{"6":1,"8":1,"9":1,"10":4,"11":4,"12":4,"13":4,"14":4,"15":4,"17":1,"18":5,"19":5,"21":5,"22":5,"24":5,"26":5,"27":5,"28":5,"29":5,"30":1,"31":1,"32":1,"34":4,"37":4,"40":4,"42":4,"43":4,"44":4,"46":4,"47":4,"48":4,"49":9,"50":9,"51":9,"52":4,"54":4,"55":4,"56":4,"57":4,"59":4,"60":9,"61":9,"62":9,"63":9,"64":9,"65":4,"66":5,"68":1,"69":1,"70":1,"71":2,"72":2,"73":1,"74":1},"branchMap":{"0":{"type":"branch","line":10,"loc":{"start":{"line":10,"column":2},"end":{"line":16,"column":6}},"locations":[{"start":{"line":10,"column":2},"end":{"line":16,"column":6}}]},"1":{"type":"branch","line":18,"loc":{"start":{"line":18,"column":2},"end":{"line":67,"column":3}},"locations":[{"start":{"line":18,"column":2},"end":{"line":67,"column":3}}]},"2":{"type":"branch","line":20,"loc":{"start":{"line":20,"column":15},"end":{"line":20,"column":59}},"locations":[{"start":{"line":20,"column":15},"end":{"line":20,"column":59}}]},"3":{"type":"branch","line":23,"loc":{"start":{"line":23,"column":18},"end":{"line":23,"column":71}},"locations":[{"start":{"line":23,"column":18},"end":{"line":23,"column":71}}]},"4":{"type":"branch","line":29,"loc":{"start":{"line":29,"column":48},"end":{"line":30,"column":13}},"locations":[{"start":{"line":29,"column":48},"end":{"line":30,"column":13}}]},"5":{"type":"branch","line":30,"loc":{"start":{"line":30,"column":4},"end":{"line":33,"column":5}},"locations":[{"start":{"line":30,"column":4},"end":{"line":33,"column":5}}]},"6":{"type":"branch","line":33,"loc":{"start":{"line":33,"column":4},"end":{"line":41,"column":32}},"locations":[{"start":{"line":33,"column":4},"end":{"line":41,"column":32}}]},"7":{"type":"branch","line":41,"loc":{"start":{"line":41,"column":25},"end":{"line":41,"column":32}},"locations":[{"start":{"line":41,"column":25},"end":{"line":41,"column":32}}]},"8":{"type":"branch","line":41,"loc":{"start":{"line":41,"column":25},"end":{"line":66,"column":5}},"locations":[{"start":{"line":41,"column":25},"end":{"line":66,"column":5}}]},"9":{"type":"branch","line":60,"loc":{"start":{"line":60,"column":35},"end":{"line":65,"column":7}},"locations":[{"start":{"line":60,"column":35},"end":{"line":65,"column":7}}]},"10":{"type":"branch","line":45,"loc":{"start":{"line":45,"column":44},"end":{"line":45,"column":67}},"locations":[{"start":{"line":45,"column":44},"end":{"line":45,"column":67}}]},"11":{"type":"branch","line":49,"loc":{"start":{"line":49,"column":31},"end":{"line":53,"column":8}},"locations":[{"start":{"line":49,"column":31},"end":{"line":53,"column":8}}]},"12":{"type":"branch","line":57,"loc":{"start":{"line":57,"column":22},"end":{"line":57,"column":69}},"locations":[{"start":{"line":57,"column":22},"end":{"line":57,"column":69}}]},"13":{"type":"branch","line":69,"loc":{"start":{"line":69,"column":2},"end":{"line":74,"column":3}},"locations":[{"start":{"line":69,"column":2},"end":{"line":74,"column":3}}]},"14":{"type":"branch","line":71,"loc":{"start":{"line":71,"column":37},"end":{"line":73,"column":5}},"locations":[{"start":{"line":71,"column":37},"end":{"line":73,"column":5}}]}},"b":{"0":[4],"1":[5],"2":[0],"3":[0],"4":[4],"5":[1],"6":[4],"7":[0],"8":[4],"9":[9],"10":[9],"11":[9],"12":[2],"13":[1],"14":[2]},"fnMap":{"0":{"name":"FetcherService","decl":{"start":{"line":10,"column":2},"end":{"line":16,"column":6}},"loc":{"start":{"line":10,"column":2},"end":{"line":16,"column":6}},"line":10},"1":{"name":"fetchSite","decl":{"start":{"line":18,"column":2},"end":{"line":67,"column":3}},"loc":{"start":{"line":18,"column":2},"end":{"line":67,"column":3}},"line":18},"2":{"name":"fetchAll","decl":{"start":{"line":69,"column":2},"end":{"line":74,"column":3}},"loc":{"start":{"line":69,"column":2},"end":{"line":74,"column":3}},"line":69}},"f":{"0":4,"1":5,"2":1}}
,"/Users/zhenqiang/Documents/code/devpulse/packages/core/src/services/interest.service.ts": {"path":"/Users/zhenqiang/Documents/code/devpulse/packages/core/src/services/interest.service.ts","all":false,"statementMap":{"0":{"start":{"line":1,"column":0},"end":{"line":1,"column":33}},"1":{"start":{"line":2,"column":0},"end":{"line":2,"column":34}},"2":{"start":{"line":3,"column":0},"end":{"line":3,"column":44}},"5":{"start":{"line":6,"column":0},"end":{"line":6,"column":28}},"6":{"start":{"line":7,"column":0},"end":{"line":7,"column":24}},"7":{"start":{"line":8,"column":0},"end":{"line":8,"column":23}},"9":{"start":{"line":10,"column":0},"end":{"line":10,"column":30}},"10":{"start":{"line":11,"column":0},"end":{"line":11,"column":35}},"12":{"start":{"line":13,"column":0},"end":{"line":13,"column":68}},"13":{"start":{"line":14,"column":0},"end":{"line":14,"column":98}},"14":{"start":{"line":15,"column":0},"end":{"line":15,"column":34}},"16":{"start":{"line":17,"column":0},"end":{"line":17,"column":22}},"17":{"start":{"line":18,"column":0},"end":{"line":18,"column":76}},"18":{"start":{"line":19,"column":0},"end":{"line":19,"column":79}},"19":{"start":{"line":20,"column":0},"end":{"line":20,"column":3}},"21":{"start":{"line":22,"column":0},"end":{"line":22,"column":13}},"22":{"start":{"line":23,"column":0},"end":{"line":23,"column":50}},"23":{"start":{"line":24,"column":0},"end":{"line":24,"column":3}},"25":{"start":{"line":26,"column":0},"end":{"line":26,"column":22}},"26":{"start":{"line":27,"column":0},"end":{"line":27,"column":64}},"27":{"start":{"line":28,"column":0},"end":{"line":28,"column":3}},"29":{"start":{"line":30,"column":0},"end":{"line":30,"column":44}},"30":{"start":{"line":31,"column":0},"end":{"line":31,"column":35}},"31":{"start":{"line":32,"column":0},"end":{"line":32,"column":43}},"32":{"start":{"line":33,"column":0},"end":{"line":33,"column":42}},"33":{"start":{"line":34,"column":0},"end":{"line":34,"column":41}},"34":{"start":{"line":35,"column":0},"end":{"line":35,"column":3}},"36":{"start":{"line":37,"column":0},"end":{"line":37,"column":36}},"37":{"start":{"line":38,"column":0},"end":{"line":38,"column":33}},"38":{"start":{"line":39,"column":0},"end":{"line":39,"column":96}},"39":{"start":{"line":40,"column":0},"end":{"line":40,"column":21}},"40":{"start":{"line":41,"column":0},"end":{"line":41,"column":74}},"41":{"start":{"line":42,"column":0},"end":{"line":42,"column":14}},"42":{"start":{"line":43,"column":0},"end":{"line":43,"column":50}},"43":{"start":{"line":44,"column":0},"end":{"line":44,"column":7}},"44":{"start":{"line":45,"column":0},"end":{"line":45,"column":5}},"45":{"start":{"line":46,"column":0},"end":{"line":46,"column":3}},"47":{"start":{"line":48,"column":0},"end":{"line":48,"column":44}},"48":{"start":{"line":49,"column":0},"end":{"line":49,"column":31}},"49":{"start":{"line":50,"column":0},"end":{"line":50,"column":33}},"50":{"start":{"line":51,"column":0},"end":{"line":51,"column":50}},"51":{"start":{"line":52,"column":0},"end":{"line":52,"column":69}},"52":{"start":{"line":53,"column":0},"end":{"line":53,"column":7}},"53":{"start":{"line":54,"column":0},"end":{"line":54,"column":5}},"54":{"start":{"line":55,"column":0},"end":{"line":55,"column":3}},"55":{"start":{"line":56,"column":0},"end":{"line":56,"column":1}}},"s":{"0":1,"1":1,"2":1,"5":1,"6":1,"7":1,"9":1,"10":1,"12":1,"13":10,"14":10,"16":9,"17":9,"18":9,"19":10,"21":1,"22":118,"23":118,"25":1,"26":1,"27":1,"29":1,"30":108,"31":108,"32":108,"33":108,"34":108,"36":1,"37":1,"38":2,"39":2,"40":1,"41":1,"42":1,"43":1,"44":2,"45":1,"47":1,"48":107,"49":107,"50":107,"51":107,"52":107,"53":107,"54":107,"55":1},"branchMap":{"0":{"type":"branch","line":11,"loc":{"start":{"line":11,"column":2},"end":{"line":11,"column":35}},"locations":[{"start":{"line":11,"column":2},"end":{"line":11,"column":35}}]},"1":{"type":"branch","line":13,"loc":{"start":{"line":13,"column":2},"end":{"line":20,"column":3}},"locations":[{"start":{"line":13,"column":2},"end":{"line":20,"column":3}}]},"2":{"type":"branch","line":15,"loc":{"start":{"line":15,"column":18},"end":{"line":15,"column":34}},"locations":[{"start":{"line":15,"column":18},"end":{"line":15,"column":34}}]},"3":{"type":"branch","line":15,"loc":{"start":{"line":15,"column":25},"end":{"line":19,"column":79}},"locations":[{"start":{"line":15,"column":25},"end":{"line":19,"column":79}}]},"4":{"type":"branch","line":22,"loc":{"start":{"line":22,"column":2},"end":{"line":24,"column":3}},"locations":[{"start":{"line":22,"column":2},"end":{"line":24,"column":3}}]},"5":{"type":"branch","line":26,"loc":{"start":{"line":26,"column":2},"end":{"line":28,"column":3}},"locations":[{"start":{"line":26,"column":2},"end":{"line":28,"column":3}}]},"6":{"type":"branch","line":30,"loc":{"start":{"line":30,"column":2},"end":{"line":35,"column":3}},"locations":[{"start":{"line":30,"column":2},"end":{"line":35,"column":3}}]},"7":{"type":"branch","line":37,"loc":{"start":{"line":37,"column":2},"end":{"line":46,"column":3}},"locations":[{"start":{"line":37,"column":2},"end":{"line":46,"column":3}}]},"8":{"type":"branch","line":38,"loc":{"start":{"line":38,"column":32},"end":{"line":45,"column":5}},"locations":[{"start":{"line":38,"column":32},"end":{"line":45,"column":5}}]},"9":{"type":"branch","line":40,"loc":{"start":{"line":40,"column":20},"end":{"line":44,"column":7}},"locations":[{"start":{"line":40,"column":20},"end":{"line":44,"column":7}}]},"10":{"type":"branch","line":48,"loc":{"start":{"line":48,"column":2},"end":{"line":55,"column":3}},"locations":[{"start":{"line":48,"column":2},"end":{"line":55,"column":3}}]}},"b":{"0":[10],"1":[10],"2":[1],"3":[9],"4":[118],"5":[1],"6":[108],"7":[1],"8":[2],"9":[1],"10":[107]},"fnMap":{"0":{"name":"InterestService","decl":{"start":{"line":11,"column":2},"end":{"line":11,"column":35}},"loc":{"start":{"line":11,"column":2},"end":{"line":11,"column":35}},"line":11},"1":{"name":"add","decl":{"start":{"line":13,"column":2},"end":{"line":20,"column":3}},"loc":{"start":{"line":13,"column":2},"end":{"line":20,"column":3}},"line":13},"2":{"name":"listAll","decl":{"start":{"line":22,"column":2},"end":{"line":24,"column":3}},"loc":{"start":{"line":22,"column":2},"end":{"line":24,"column":3}},"line":22},"3":{"name":"remove","decl":{"start":{"line":26,"column":2},"end":{"line":28,"column":3}},"loc":{"start":{"line":26,"column":2},"end":{"line":28,"column":3}},"line":26},"4":{"name":"updateWeight","decl":{"start":{"line":30,"column":2},"end":{"line":35,"column":3}},"loc":{"start":{"line":30,"column":2},"end":{"line":35,"column":3}},"line":30},"5":{"name":"boostForTags","decl":{"start":{"line":37,"column":2},"end":{"line":46,"column":3}},"loc":{"start":{"line":37,"column":2},"end":{"line":46,"column":3}},"line":37},"6":{"name":"decayUnused","decl":{"start":{"line":48,"column":2},"end":{"line":55,"column":3}},"loc":{"start":{"line":48,"column":2},"end":{"line":55,"column":3}},"line":48}},"f":{"0":10,"1":10,"2":118,"3":1,"4":108,"5":1,"6":107}}
,"/Users/zhenqiang/Documents/code/devpulse/packages/core/src/services/post.service.ts": {"path":"/Users/zhenqiang/Documents/code/devpulse/packages/core/src/services/post.service.ts","all":false,"statementMap":{"0":{"start":{"line":1,"column":0},"end":{"line":1,"column":50}},"1":{"start":{"line":2,"column":0},"end":{"line":2,"column":34}},"2":{"start":{"line":3,"column":0},"end":{"line":3,"column":69}},"14":{"start":{"line":15,"column":0},"end":{"line":15,"column":26}},"15":{"start":{"line":16,"column":0},"end":{"line":16,"column":35}},"17":{"start":{"line":18,"column":0},"end":{"line":18,"column":98}},"18":{"start":{"line":19,"column":0},"end":{"line":19,"column":41}},"19":{"start":{"line":20,"column":0},"end":{"line":20,"column":33}},"20":{"start":{"line":21,"column":0},"end":{"line":21,"column":55}},"21":{"start":{"line":22,"column":0},"end":{"line":22,"column":20}},"22":{"start":{"line":23,"column":0},"end":{"line":23,"column":83}},"23":{"start":{"line":24,"column":0},"end":{"line":24,"column":15}},"25":{"start":{"line":26,"column":0},"end":{"line":26,"column":21}},"26":{"start":{"line":27,"column":0},"end":{"line":27,"column":35}},"27":{"start":{"line":28,"column":0},"end":{"line":28,"column":27}},"28":{"start":{"line":29,"column":0},"end":{"line":29,"column":25}},"29":{"start":{"line":30,"column":0},"end":{"line":30,"column":50}},"30":{"start":{"line":31,"column":0},"end":{"line":31,"column":14}},"31":{"start":{"line":32,"column":0},"end":{"line":32,"column":38}},"32":{"start":{"line":33,"column":0},"end":{"line":33,"column":21}},"33":{"start":{"line":34,"column":0},"end":{"line":34,"column":17}},"34":{"start":{"line":35,"column":0},"end":{"line":35,"column":37}},"35":{"start":{"line":36,"column":0},"end":{"line":36,"column":27}},"36":{"start":{"line":37,"column":0},"end":{"line":37,"column":31}},"37":{"start":{"line":38,"column":0},"end":{"line":38,"column":23}},"38":{"start":{"line":39,"column":0},"end":{"line":39,"column":29}},"39":{"start":{"line":40,"column":0},"end":{"line":40,"column":27}},"40":{"start":{"line":41,"column":0},"end":{"line":41,"column":54}},"41":{"start":{"line":42,"column":0},"end":{"line":42,"column":25}},"42":{"start":{"line":43,"column":0},"end":{"line":43,"column":17}},"43":{"start":{"line":44,"column":0},"end":{"line":44,"column":7}},"44":{"start":{"line":45,"column":0},"end":{"line":45,"column":5}},"45":{"start":{"line":46,"column":0},"end":{"line":46,"column":3}},"47":{"start":{"line":48,"column":0},"end":{"line":48,"column":30}},"48":{"start":{"line":49,"column":0},"end":{"line":49,"column":45}},"49":{"start":{"line":50,"column":0},"end":{"line":50,"column":26}},"51":{"start":{"line":52,"column":0},"end":{"line":52,"column":25}},"52":{"start":{"line":53,"column":0},"end":{"line":53,"column":56}},"53":{"start":{"line":54,"column":0},"end":{"line":54,"column":5}},"55":{"start":{"line":56,"column":0},"end":{"line":56,"column":29}},"56":{"start":{"line":57,"column":0},"end":{"line":57,"column":116}},"57":{"start":{"line":58,"column":0},"end":{"line":58,"column":35}},"58":{"start":{"line":59,"column":0},"end":{"line":59,"column":59}},"59":{"start":{"line":60,"column":0},"end":{"line":60,"column":7}},"60":{"start":{"line":61,"column":0},"end":{"line":61,"column":5}},"62":{"start":{"line":63,"column":0},"end":{"line":63,"column":73}},"63":{"start":{"line":64,"column":0},"end":{"line":64,"column":62}},"65":{"start":{"line":66,"column":0},"end":{"line":66,"column":56}},"66":{"start":{"line":67,"column":0},"end":{"line":67,"column":54}},"67":{"start":{"line":68,"column":0},"end":{"line":68,"column":31}},"68":{"start":{"line":69,"column":0},"end":{"line":69,"column":59}},"69":{"start":{"line":70,"column":0},"end":{"line":70,"column":41}},"70":{"start":{"line":71,"column":0},"end":{"line":71,"column":56}},"71":{"start":{"line":72,"column":0},"end":{"line":72,"column":9}},"72":{"start":{"line":73,"column":0},"end":{"line":73,"column":7}},"74":{"start":{"line":75,"column":0},"end":{"line":75,"column":27}},"75":{"start":{"line":76,"column":0},"end":{"line":76,"column":59}},"76":{"start":{"line":77,"column":0},"end":{"line":77,"column":59}},"77":{"start":{"line":78,"column":0},"end":{"line":78,"column":56}},"78":{"start":{"line":79,"column":0},"end":{"line":79,"column":56}},"79":{"start":{"line":80,"column":0},"end":{"line":80,"column":64}},"80":{"start":{"line":81,"column":0},"end":{"line":81,"column":64}},"81":{"start":{"line":82,"column":0},"end":{"line":82,"column":31}},"82":{"start":{"line":83,"column":0},"end":{"line":83,"column":9}},"83":{"start":{"line":84,"column":0},"end":{"line":84,"column":12}},"84":{"start":{"line":85,"column":0},"end":{"line":85,"column":27}},"85":{"start":{"line":86,"column":0},"end":{"line":86,"column":51}},"86":{"start":{"line":87,"column":0},"end":{"line":87,"column":51}},"87":{"start":{"line":88,"column":0},"end":{"line":88,"column":42}},"88":{"start":{"line":89,"column":0},"end":{"line":89,"column":9}},"89":{"start":{"line":90,"column":0},"end":{"line":90,"column":5}},"91":{"start":{"line":92,"column":0},"end":{"line":92,"column":39}},"92":{"start":{"line":93,"column":0},"end":{"line":93,"column":38}},"93":{"start":{"line":94,"column":0},"end":{"line":94,"column":46}},"94":{"start":{"line":95,"column":0},"end":{"line":95,"column":3}},"96":{"start":{"line":97,"column":0},"end":{"line":97,"column":30}},"97":{"start":{"line":98,"column":0},"end":{"line":98,"column":100}},"98":{"start":{"line":99,"column":0},"end":{"line":99,"column":20}},"99":{"start":{"line":100,"column":0},"end":{"line":100,"column":71}},"100":{"start":{"line":101,"column":0},"end":{"line":101,"column":5}},"101":{"start":{"line":102,"column":0},"end":{"line":102,"column":3}},"103":{"start":{"line":104,"column":0},"end":{"line":104,"column":35}},"104":{"start":{"line":105,"column":0},"end":{"line":105,"column":92}},"105":{"start":{"line":106,"column":0},"end":{"line":106,"column":3}},"107":{"start":{"line":108,"column":0},"end":{"line":108,"column":41}},"108":{"start":{"line":109,"column":0},"end":{"line":109,"column":52}},"109":{"start":{"line":110,"column":0},"end":{"line":110,"column":21}},"110":{"start":{"line":111,"column":0},"end":{"line":111,"column":51}},"111":{"start":{"line":112,"column":0},"end":{"line":112,"column":41}},"112":{"start":{"line":113,"column":0},"end":{"line":113,"column":13}},"113":{"start":{"line":114,"column":0},"end":{"line":114,"column":33}},"114":{"start":{"line":115,"column":0},"end":{"line":115,"column":3}},"116":{"start":{"line":117,"column":0},"end":{"line":117,"column":88}},"117":{"start":{"line":118,"column":0},"end":{"line":118,"column":31}},"118":{"start":{"line":119,"column":0},"end":{"line":119,"column":14}},"119":{"start":{"line":120,"column":0},"end":{"line":120,"column":15}},"120":{"start":{"line":121,"column":0},"end":{"line":121,"column":42}},"121":{"start":{"line":122,"column":0},"end":{"line":122,"column":41}},"123":{"start":{"line":124,"column":0},"end":{"line":124,"column":34}},"124":{"start":{"line":125,"column":0},"end":{"line":125,"column":77}},"125":{"start":{"line":126,"column":0},"end":{"line":126,"column":17}},"126":{"start":{"line":127,"column":0},"end":{"line":127,"column":29}},"127":{"start":{"line":128,"column":0},"end":{"line":128,"column":63}},"128":{"start":{"line":129,"column":0},"end":{"line":129,"column":64}},"129":{"start":{"line":130,"column":0},"end":{"line":130,"column":7}},"130":{"start":{"line":131,"column":0},"end":{"line":131,"column":54}},"131":{"start":{"line":132,"column":0},"end":{"line":132,"column":83}},"132":{"start":{"line":133,"column":0},"end":{"line":133,"column":22}},"133":{"start":{"line":134,"column":0},"end":{"line":134,"column":73}},"134":{"start":{"line":135,"column":0},"end":{"line":135,"column":7}},"135":{"start":{"line":136,"column":0},"end":{"line":136,"column":5}},"136":{"start":{"line":137,"column":0},"end":{"line":137,"column":3}},"137":{"start":{"line":138,"column":0},"end":{"line":138,"column":1}}},"s":{"0":1,"1":1,"2":1,"14":1,"15":1,"17":1,"18":25,"19":25,"20":35,"21":35,"22":35,"23":35,"25":35,"26":1,"27":1,"28":1,"29":1,"30":35,"31":34,"32":34,"33":34,"34":34,"35":34,"36":34,"37":34,"38":34,"39":34,"40":34,"41":34,"42":34,"43":34,"44":35,"45":25,"47":1,"48":23,"49":23,"51":23,"52":6,"53":6,"55":23,"56":3,"57":3,"58":2,"59":2,"60":3,"62":23,"63":23,"65":23,"66":22,"67":22,"68":46,"69":46,"70":33,"71":33,"72":46,"74":22,"75":30,"76":30,"77":30,"78":30,"79":30,"80":30,"81":30,"82":22,"83":23,"84":1,"85":1,"86":1,"87":1,"88":1,"89":1,"91":23,"92":23,"93":23,"94":23,"96":1,"97":5,"98":5,"99":4,"100":4,"101":5,"103":1,"104":3,"105":3,"107":1,"108":2,"109":2,"110":2,"111":2,"112":2,"113":2,"114":2,"116":1,"117":14,"118":14,"119":14,"120":14,"121":14,"123":14,"124":17,"125":17,"126":14,"127":14,"128":14,"129":14,"130":17,"131":17,"132":17,"133":16,"134":16,"135":17,"136":14,"137":1},"branchMap":{"0":{"type":"branch","line":16,"loc":{"start":{"line":16,"column":2},"end":{"line":16,"column":35}},"locations":[{"start":{"line":16,"column":2},"end":{"line":16,"column":35}}]},"1":{"type":"branch","line":18,"loc":{"start":{"line":18,"column":2},"end":{"line":46,"column":3}},"locations":[{"start":{"line":18,"column":2},"end":{"line":46,"column":3}}]},"2":{"type":"branch","line":20,"loc":{"start":{"line":20,"column":32},"end":{"line":45,"column":5}},"locations":[{"start":{"line":20,"column":32},"end":{"line":45,"column":5}}]},"3":{"type":"branch","line":26,"loc":{"start":{"line":26,"column":20},"end":{"line":31,"column":13}},"locations":[{"start":{"line":26,"column":20},"end":{"line":31,"column":13}}]},"4":{"type":"branch","line":31,"loc":{"start":{"line":31,"column":6},"end":{"line":44,"column":7}},"locations":[{"start":{"line":31,"column":6},"end":{"line":44,"column":7}}]},"5":{"type":"branch","line":41,"loc":{"start":{"line":41,"column":27},"end":{"line":41,"column":52}},"locations":[{"start":{"line":41,"column":27},"end":{"line":41,"column":52}}]},"6":{"type":"branch","line":48,"loc":{"start":{"line":48,"column":2},"end":{"line":95,"column":3}},"locations":[{"start":{"line":48,"column":2},"end":{"line":95,"column":3}}]},"7":{"type":"branch","line":52,"loc":{"start":{"line":52,"column":24},"end":{"line":54,"column":5}},"locations":[{"start":{"line":52,"column":24},"end":{"line":54,"column":5}}]},"8":{"type":"branch","line":56,"loc":{"start":{"line":56,"column":28},"end":{"line":61,"column":5}},"locations":[{"start":{"line":56,"column":28},"end":{"line":61,"column":5}}]},"9":{"type":"branch","line":58,"loc":{"start":{"line":58,"column":34},"end":{"line":60,"column":7}},"locations":[{"start":{"line":58,"column":34},"end":{"line":60,"column":7}}]},"10":{"type":"branch","line":63,"loc":{"start":{"line":63,"column":38},"end":{"line":63,"column":63}},"locations":[{"start":{"line":63,"column":38},"end":{"line":63,"column":63}}]},"11":{"type":"branch","line":63,"loc":{"start":{"line":63,"column":59},"end":{"line":63,"column":73}},"locations":[{"start":{"line":63,"column":59},"end":{"line":63,"column":73}}]},"12":{"type":"branch","line":64,"loc":{"start":{"line":64,"column":15},"end":{"line":64,"column":50}},"locations":[{"start":{"line":64,"column":15},"end":{"line":64,"column":50}}]},"13":{"type":"branch","line":64,"loc":{"start":{"line":64,"column":46},"end":{"line":64,"column":62}},"locations":[{"start":{"line":64,"column":46},"end":{"line":64,"column":62}}]},"14":{"type":"branch","line":66,"loc":{"start":{"line":66,"column":27},"end":{"line":66,"column":55}},"locations":[{"start":{"line":66,"column":27},"end":{"line":66,"column":55}}]},"15":{"type":"branch","line":66,"loc":{"start":{"line":66,"column":55},"end":{"line":84,"column":11}},"locations":[{"start":{"line":66,"column":55},"end":{"line":84,"column":11}}]},"16":{"type":"branch","line":68,"loc":{"start":{"line":68,"column":30},"end":{"line":73,"column":7}},"locations":[{"start":{"line":68,"column":30},"end":{"line":73,"column":7}}]},"17":{"type":"branch","line":69,"loc":{"start":{"line":69,"column":52},"end":{"line":69,"column":59}},"locations":[{"start":{"line":69,"column":52},"end":{"line":69,"column":59}}]},"18":{"type":"branch","line":70,"loc":{"start":{"line":70,"column":17},"end":{"line":70,"column":31}},"locations":[{"start":{"line":70,"column":17},"end":{"line":70,"column":31}}]},"19":{"type":"branch","line":70,"loc":{"start":{"line":70,"column":40},"end":{"line":72,"column":9}},"locations":[{"start":{"line":70,"column":40},"end":{"line":72,"column":9}}]},"20":{"type":"branch","line":71,"loc":{"start":{"line":71,"column":44},"end":{"line":71,"column":54}},"locations":[{"start":{"line":71,"column":44},"end":{"line":71,"column":54}}]},"21":{"type":"branch","line":84,"loc":{"start":{"line":84,"column":4},"end":{"line":90,"column":5}},"locations":[{"start":{"line":84,"column":4},"end":{"line":90,"column":5}}]},"22":{"type":"branch","line":92,"loc":{"start":{"line":92,"column":27},"end":{"line":92,"column":39}},"locations":[{"start":{"line":92,"column":27},"end":{"line":92,"column":39}}]},"23":{"type":"branch","line":93,"loc":{"start":{"line":93,"column":26},"end":{"line":93,"column":38}},"locations":[{"start":{"line":93,"column":26},"end":{"line":93,"column":38}}]},"24":{"type":"branch","line":57,"loc":{"start":{"line":57,"column":101},"end":{"line":57,"column":114}},"locations":[{"start":{"line":57,"column":101},"end":{"line":57,"column":114}}]},"25":{"type":"branch","line":75,"loc":{"start":{"line":75,"column":16},"end":{"line":83,"column":7}},"locations":[{"start":{"line":75,"column":16},"end":{"line":83,"column":7}}]},"26":{"type":"branch","line":76,"loc":{"start":{"line":76,"column":52},"end":{"line":76,"column":59}},"locations":[{"start":{"line":76,"column":52},"end":{"line":76,"column":59}}]},"27":{"type":"branch","line":77,"loc":{"start":{"line":77,"column":52},"end":{"line":77,"column":59}},"locations":[{"start":{"line":77,"column":52},"end":{"line":77,"column":59}}]},"28":{"type":"branch","line":78,"loc":{"start":{"line":78,"column":25},"end":{"line":78,"column":40}},"locations":[{"start":{"line":78,"column":25},"end":{"line":78,"column":40}}]},"29":{"type":"branch","line":78,"loc":{"start":{"line":78,"column":40},"end":{"line":78,"column":56}},"locations":[{"start":{"line":78,"column":40},"end":{"line":78,"column":56}}]},"30":{"type":"branch","line":79,"loc":{"start":{"line":79,"column":25},"end":{"line":79,"column":40}},"locations":[{"start":{"line":79,"column":25},"end":{"line":79,"column":40}}]},"31":{"type":"branch","line":79,"loc":{"start":{"line":79,"column":40},"end":{"line":79,"column":56}},"locations":[{"start":{"line":79,"column":40},"end":{"line":79,"column":56}}]},"32":{"type":"branch","line":80,"loc":{"start":{"line":80,"column":40},"end":{"line":80,"column":60}},"locations":[{"start":{"line":80,"column":40},"end":{"line":80,"column":60}}]},"33":{"type":"branch","line":81,"loc":{"start":{"line":81,"column":40},"end":{"line":81,"column":60}},"locations":[{"start":{"line":81,"column":40},"end":{"line":81,"column":60}}]},"34":{"type":"branch","line":85,"loc":{"start":{"line":85,"column":16},"end":{"line":89,"column":7}},"locations":[{"start":{"line":85,"column":16},"end":{"line":89,"column":7}}]},"35":{"type":"branch","line":86,"loc":{"start":{"line":86,"column":24},"end":{"line":86,"column":51}},"locations":[{"start":{"line":86,"column":24},"end":{"line":86,"column":51}}]},"36":{"type":"branch","line":87,"loc":{"start":{"line":87,"column":24},"end":{"line":87,"column":51}},"locations":[{"start":{"line":87,"column":24},"end":{"line":87,"column":51}}]},"37":{"type":"branch","line":97,"loc":{"start":{"line":97,"column":2},"end":{"line":102,"column":3}},"locations":[{"start":{"line":97,"column":2},"end":{"line":102,"column":3}}]},"38":{"type":"branch","line":99,"loc":{"start":{"line":99,"column":19},"end":{"line":101,"column":5}},"locations":[{"start":{"line":99,"column":19},"end":{"line":101,"column":5}}]},"39":{"type":"branch","line":104,"loc":{"start":{"line":104,"column":2},"end":{"line":106,"column":3}},"locations":[{"start":{"line":104,"column":2},"end":{"line":106,"column":3}}]},"40":{"type":"branch","line":108,"loc":{"start":{"line":108,"column":2},"end":{"line":115,"column":3}},"locations":[{"start":{"line":108,"column":2},"end":{"line":115,"column":3}}]},"41":{"type":"branch","line":114,"loc":{"start":{"line":114,"column":20},"end":{"line":114,"column":31}},"locations":[{"start":{"line":114,"column":20},"end":{"line":114,"column":31}}]},"42":{"type":"branch","line":117,"loc":{"start":{"line":117,"column":2},"end":{"line":137,"column":3}},"locations":[{"start":{"line":117,"column":2},"end":{"line":137,"column":3}}]},"43":{"type":"branch","line":124,"loc":{"start":{"line":124,"column":33},"end":{"line":136,"column":5}},"locations":[{"start":{"line":124,"column":33},"end":{"line":136,"column":5}}]},"44":{"type":"branch","line":126,"loc":{"start":{"line":126,"column":16},"end":{"line":130,"column":7}},"locations":[{"start":{"line":126,"column":16},"end":{"line":130,"column":7}}]},"45":{"type":"branch","line":133,"loc":{"start":{"line":133,"column":21},"end":{"line":135,"column":7}},"locations":[{"start":{"line":133,"column":21},"end":{"line":135,"column":7}}]}},"b":{"0":[15],"1":[25],"2":[35],"3":[1],"4":[34],"5":[2],"6":[23],"7":[6],"8":[3],"9":[2],"10":[8],"11":[15],"12":[8],"13":[15],"14":[21],"15":[22],"16":[46],"17":[22],"18":[1],"19":[33],"20":[0],"21":[1],"22":[22],"23":[22],"24":[2],"25":[30],"26":[0],"27":[0],"28":[0],"29":[0],"30":[1],"31":[0],"32":[19],"33":[19],"34":[1],"35":[0],"36":[0],"37":[5],"38":[4],"39":[3],"40":[2],"41":[4],"42":[14],"43":[17],"44":[14],"45":[16]},"fnMap":{"0":{"name":"PostService","decl":{"start":{"line":16,"column":2},"end":{"line":16,"column":35}},"loc":{"start":{"line":16,"column":2},"end":{"line":16,"column":35}},"line":16},"1":{"name":"savePosts","decl":{"start":{"line":18,"column":2},"end":{"line":46,"column":3}},"loc":{"start":{"line":18,"column":2},"end":{"line":46,"column":3}},"line":18},"2":{"name":"list","decl":{"start":{"line":48,"column":2},"end":{"line":95,"column":3}},"loc":{"start":{"line":48,"column":2},"end":{"line":95,"column":3}},"line":48},"3":{"name":"markAsRead","decl":{"start":{"line":97,"column":2},"end":{"line":102,"column":3}},"loc":{"start":{"line":97,"column":2},"end":{"line":102,"column":3}},"line":97},"4":{"name":"isRead","decl":{"start":{"line":104,"column":2},"end":{"line":106,"column":3}},"loc":{"start":{"line":104,"column":2},"end":{"line":106,"column":3}},"line":104},"5":{"name":"getPostTags","decl":{"start":{"line":108,"column":2},"end":{"line":115,"column":3}},"loc":{"start":{"line":108,"column":2},"end":{"line":115,"column":3}},"line":108},"6":{"name":"updateAiScore","decl":{"start":{"line":117,"column":2},"end":{"line":137,"column":3}},"loc":{"start":{"line":117,"column":2},"end":{"line":137,"column":3}},"line":117}},"f":{"0":15,"1":25,"2":23,"3":5,"4":3,"5":2,"6":14}}
,"/Users/zhenqiang/Documents/code/devpulse/packages/core/src/services/site.service.ts": {"path":"/Users/zhenqiang/Documents/code/devpulse/packages/core/src/services/site.service.ts","all":false,"statementMap":{"0":{"start":{"line":1,"column":0},"end":{"line":1,"column":33}},"1":{"start":{"line":2,"column":0},"end":{"line":2,"column":34}},"2":{"start":{"line":3,"column":0},"end":{"line":3,"column":53}},"19":{"start":{"line":20,"column":0},"end":{"line":20,"column":26}},"20":{"start":{"line":21,"column":0},"end":{"line":21,"column":35}},"22":{"start":{"line":23,"column":0},"end":{"line":23,"column":34}},"23":{"start":{"line":24,"column":0},"end":{"line":24,"column":22}},"24":{"start":{"line":25,"column":0},"end":{"line":25,"column":34}},"25":{"start":{"line":26,"column":0},"end":{"line":26,"column":9}},"26":{"start":{"line":27,"column":0},"end":{"line":27,"column":23}},"27":{"start":{"line":28,"column":0},"end":{"line":28,"column":29}},"28":{"start":{"line":29,"column":0},"end":{"line":29,"column":34}},"29":{"start":{"line":30,"column":0},"end":{"line":30,"column":47}},"30":{"start":{"line":31,"column":0},"end":{"line":31,"column":13}},"31":{"start":{"line":32,"column":0},"end":{"line":32,"column":29}},"32":{"start":{"line":33,"column":0},"end":{"line":33,"column":3}},"34":{"start":{"line":35,"column":0},"end":{"line":35,"column":23}},"35":{"start":{"line":36,"column":0},"end":{"line":36,"column":70}},"36":{"start":{"line":37,"column":0},"end":{"line":37,"column":3}},"38":{"start":{"line":39,"column":0},"end":{"line":39,"column":13}},"39":{"start":{"line":40,"column":0},"end":{"line":40,"column":46}},"40":{"start":{"line":41,"column":0},"end":{"line":41,"column":3}},"42":{"start":{"line":43,"column":0},"end":{"line":43,"column":17}},"43":{"start":{"line":44,"column":0},"end":{"line":44,"column":74}},"44":{"start":{"line":45,"column":0},"end":{"line":45,"column":3}},"46":{"start":{"line":47,"column":0},"end":{"line":47,"column":46}},"47":{"start":{"line":48,"column":0},"end":{"line":48,"column":31}},"48":{"start":{"line":49,"column":0},"end":{"line":49,"column":15}},"49":{"start":{"line":50,"column":0},"end":{"line":50,"column":42}},"50":{"start":{"line":51,"column":0},"end":{"line":51,"column":37}},"51":{"start":{"line":52,"column":0},"end":{"line":52,"column":3}},"53":{"start":{"line":54,"column":0},"end":{"line":54,"column":22}},"54":{"start":{"line":55,"column":0},"end":{"line":55,"column":72}},"55":{"start":{"line":56,"column":0},"end":{"line":56,"column":56}},"56":{"start":{"line":57,"column":0},"end":{"line":57,"column":3}},"58":{"start":{"line":59,"column":0},"end":{"line":59,"column":57}},"59":{"start":{"line":60,"column":0},"end":{"line":60,"column":55}},"60":{"start":{"line":61,"column":0},"end":{"line":61,"column":44}},"61":{"start":{"line":62,"column":0},"end":{"line":62,"column":12}},"62":{"start":{"line":63,"column":0},"end":{"line":63,"column":32}},"64":{"start":{"line":65,"column":0},"end":{"line":65,"column":19}},"65":{"start":{"line":66,"column":0},"end":{"line":66,"column":39}},"66":{"start":{"line":67,"column":0},"end":{"line":67,"column":14}},"67":{"start":{"line":68,"column":0},"end":{"line":68,"column":44}},"68":{"start":{"line":69,"column":0},"end":{"line":69,"column":54}},"69":{"start":{"line":70,"column":0},"end":{"line":70,"column":12}},"70":{"start":{"line":71,"column":0},"end":{"line":71,"column":42}},"71":{"start":{"line":72,"column":0},"end":{"line":72,"column":19}},"72":{"start":{"line":73,"column":0},"end":{"line":73,"column":15}},"73":{"start":{"line":74,"column":0},"end":{"line":74,"column":12}},"74":{"start":{"line":75,"column":0},"end":{"line":75,"column":14}},"75":{"start":{"line":76,"column":0},"end":{"line":76,"column":15}},"76":{"start":{"line":77,"column":0},"end":{"line":77,"column":5}},"77":{"start":{"line":78,"column":0},"end":{"line":78,"column":3}},"79":{"start":{"line":80,"column":0},"end":{"line":80,"column":54}},"80":{"start":{"line":81,"column":0},"end":{"line":81,"column":51}},"81":{"start":{"line":82,"column":0},"end":{"line":82,"column":51}},"82":{"start":{"line":83,"column":0},"end":{"line":83,"column":63}},"83":{"start":{"line":84,"column":0},"end":{"line":84,"column":3}},"84":{"start":{"line":85,"column":0},"end":{"line":85,"column":1}}},"s":{"0":1,"1":1,"2":1,"19":1,"20":1,"22":1,"23":15,"24":15,"25":15,"26":15,"27":15,"28":15,"29":15,"30":15,"31":15,"32":15,"34":1,"35":22,"36":22,"38":1,"39":1,"40":1,"42":1,"43":2,"44":2,"46":1,"47":7,"48":7,"49":7,"50":7,"51":7,"53":1,"54":1,"55":1,"56":1,"58":1,"59":4,"60":4,"61":4,"62":4,"64":4,"65":1,"66":1,"67":1,"68":1,"69":4,"70":3,"71":3,"72":3,"73":3,"74":3,"75":3,"76":3,"77":4,"79":1,"80":7,"81":7,"82":7,"83":7,"84":1},"branchMap":{"0":{"type":"branch","line":21,"loc":{"start":{"line":21,"column":2},"end":{"line":21,"column":35}},"locations":[{"start":{"line":21,"column":2},"end":{"line":21,"column":35}}]},"1":{"type":"branch","line":23,"loc":{"start":{"line":23,"column":2},"end":{"line":33,"column":3}},"locations":[{"start":{"line":23,"column":2},"end":{"line":33,"column":3}}]},"2":{"type":"branch","line":35,"loc":{"start":{"line":35,"column":2},"end":{"line":37,"column":3}},"locations":[{"start":{"line":35,"column":2},"end":{"line":37,"column":3}}]},"3":{"type":"branch","line":39,"loc":{"start":{"line":39,"column":2},"end":{"line":41,"column":3}},"locations":[{"start":{"line":39,"column":2},"end":{"line":41,"column":3}}]},"4":{"type":"branch","line":43,"loc":{"start":{"line":43,"column":2},"end":{"line":45,"column":3}},"locations":[{"start":{"line":43,"column":2},"end":{"line":45,"column":3}}]},"5":{"type":"branch","line":47,"loc":{"start":{"line":47,"column":2},"end":{"line":52,"column":3}},"locations":[{"start":{"line":47,"column":2},"end":{"line":52,"column":3}}]},"6":{"type":"branch","line":54,"loc":{"start":{"line":54,"column":2},"end":{"line":57,"column":3}},"locations":[{"start":{"line":54,"column":2},"end":{"line":57,"column":3}}]},"7":{"type":"branch","line":59,"loc":{"start":{"line":59,"column":2},"end":{"line":78,"column":3}},"locations":[{"start":{"line":59,"column":2},"end":{"line":78,"column":3}}]},"8":{"type":"branch","line":65,"loc":{"start":{"line":65,"column":18},"end":{"line":70,"column":11}},"locations":[{"start":{"line":65,"column":18},"end":{"line":70,"column":11}}]},"9":{"type":"branch","line":70,"loc":{"start":{"line":70,"column":4},"end":{"line":77,"column":5}},"locations":[{"start":{"line":70,"column":4},"end":{"line":77,"column":5}}]},"10":{"type":"branch","line":63,"loc":{"start":{"line":63,"column":12},"end":{"line":63,"column":30}},"locations":[{"start":{"line":63,"column":12},"end":{"line":63,"column":30}}]},"11":{"type":"branch","line":80,"loc":{"start":{"line":80,"column":2},"end":{"line":84,"column":3}},"locations":[{"start":{"line":80,"column":2},"end":{"line":84,"column":3}}]},"12":{"type":"branch","line":83,"loc":{"start":{"line":83,"column":39},"end":{"line":83,"column":60}},"locations":[{"start":{"line":83,"column":39},"end":{"line":83,"column":60}}]}},"b":{"0":[11],"1":[15],"2":[22],"3":[1],"4":[2],"5":[7],"6":[1],"7":[4],"8":[1],"9":[3],"10":[2],"11":[7],"12":[3]},"fnMap":{"0":{"name":"SiteService","decl":{"start":{"line":21,"column":2},"end":{"line":21,"column":35}},"loc":{"start":{"line":21,"column":2},"end":{"line":21,"column":35}},"line":21},"1":{"name":"create","decl":{"start":{"line":23,"column":2},"end":{"line":33,"column":3}},"loc":{"start":{"line":23,"column":2},"end":{"line":33,"column":3}},"line":23},"2":{"name":"getById","decl":{"start":{"line":35,"column":2},"end":{"line":37,"column":3}},"loc":{"start":{"line":35,"column":2},"end":{"line":37,"column":3}},"line":35},"3":{"name":"listAll","decl":{"start":{"line":39,"column":2},"end":{"line":41,"column":3}},"loc":{"start":{"line":39,"column":2},"end":{"line":41,"column":3}},"line":39},"4":{"name":"listEnabled","decl":{"start":{"line":43,"column":2},"end":{"line":45,"column":3}},"loc":{"start":{"line":43,"column":2},"end":{"line":45,"column":3}},"line":43},"5":{"name":"update","decl":{"start":{"line":47,"column":2},"end":{"line":52,"column":3}},"loc":{"start":{"line":47,"column":2},"end":{"line":52,"column":3}},"line":47},"6":{"name":"delete","decl":{"start":{"line":54,"column":2},"end":{"line":57,"column":3}},"loc":{"start":{"line":54,"column":2},"end":{"line":57,"column":3}},"line":54},"7":{"name":"setConfig","decl":{"start":{"line":59,"column":2},"end":{"line":78,"column":3}},"loc":{"start":{"line":59,"column":2},"end":{"line":78,"column":3}},"line":59},"8":{"name":"getConfigs","decl":{"start":{"line":80,"column":2},"end":{"line":84,"column":3}},"loc":{"start":{"line":80,"column":2},"end":{"line":84,"column":3}},"line":80}},"f":{"0":11,"1":15,"2":22,"3":1,"4":2,"5":7,"6":1,"7":4,"8":7}}
}
