{"total": {"lines":{"total":511,"covered":509,"skipped":0,"pct":99.6},"statements":{"total":511,"covered":509,"skipped":0,"pct":99.6},"functions":{"total":43,"covered":43,"skipped":0,"pct":100},"branches":{"total":136,"covered":108,"skipped":0,"pct":79.41},"branchesTrue":{"total":0,"covered":0,"skipped":0,"pct":100}}
,"/Users/zhenqiang/Documents/code/devpulse/packages/core/src/adapters/adapter.interface.ts": {"lines":{"total":0,"covered":0,"skipped":0,"pct":100},"functions":{"total":1,"covered":1,"skipped":0,"pct":100},"statements":{"total":0,"covered":0,"skipped":0,"pct":100},"branches":{"total":1,"covered":1,"skipped":0,"pct":100}}
,"/Users/zhenqiang/Documents/code/devpulse/packages/core/src/adapters/hackernews.adapter.ts": {"lines":{"total":29,"covered":29,"skipped":0,"pct":100},"functions":{"total":2,"covered":2,"skipped":0,"pct":100},"statements":{"total":29,"covered":29,"skipped":0,"pct":100},"branches":{"total":7,"covered":6,"skipped":0,"pct":85.71}}
,"/Users/zhenqiang/Documents/code/devpulse/packages/core/src/adapters/index.ts": {"lines":{"total":18,"covered":18,"skipped":0,"pct":100},"functions":{"total":3,"covered":3,"skipped":0,"pct":100},"statements":{"total":18,"covered":18,"skipped":0,"pct":100},"branches":{"total":3,"covered":3,"skipped":0,"pct":100}}
,"/Users/zhenqiang/Documents/code/devpulse/packages/core/src/adapters/medium.adapter.ts": {"lines":{"total":22,"covered":22,"skipped":0,"pct":100},"functions":{"total":2,"covered":2,"skipped":0,"pct":100},"statements":{"total":22,"covered":22,"skipped":0,"pct":100},"branches":{"total":9,"covered":3,"skipped":0,"pct":33.33}}
,"/Users/zhenqiang/Documents/code/devpulse/packages/core/src/adapters/reddit.adapter.ts": {"lines":{"total":29,"covered":29,"skipped":0,"pct":100},"functions":{"total":2,"covered":2,"skipped":0,"pct":100},"statements":{"total":29,"covered":29,"skipped":0,"pct":100},"branches":{"total":7,"covered":3,"skipped":0,"pct":42.85}}
,"/Users/zhenqiang/Documents/code/devpulse/packages/core/src/adapters/v2ex.adapter.ts": {"lines":{"total":24,"covered":22,"skipped":0,"pct":91.66},"functions":{"total":2,"covered":2,"skipped":0,"pct":100},"statements":{"total":24,"covered":22,"skipped":0,"pct":91.66},"branches":{"total":6,"covered":3,"skipped":0,"pct":50}}
,"/Users/zhenqiang/Documents/code/devpulse/packages/core/src/db/connection.ts": {"lines":{"total":9,"covered":9,"skipped":0,"pct":100},"functions":{"total":1,"covered":1,"skipped":0,"pct":100},"statements":{"total":9,"covered":9,"skipped":0,"pct":100},"branches":{"total":1,"covered":1,"skipped":0,"pct":100}}
,"/Users/zhenqiang/Documents/code/devpulse/packages/core/src/db/migrate.ts": {"lines":{"total":9,"covered":9,"skipped":0,"pct":100},"functions":{"total":1,"covered":1,"skipped":0,"pct":100},"statements":{"total":9,"covered":9,"skipped":0,"pct":100},"branches":{"total":1,"covered":1,"skipped":0,"pct":100}}
,"/Users/zhenqiang/Documents/code/devpulse/packages/core/src/db/schema.ts": {"lines":{"total":65,"covered":65,"skipped":0,"pct":100},"functions":{"total":0,"covered":0,"skipped":0,"pct":100},"statements":{"total":65,"covered":65,"skipped":0,"pct":100},"branches":{"total":3,"covered":3,"skipped":0,"pct":100}}
,"/Users/zhenqiang/Documents/code/devpulse/packages/core/src/services/ai.service.ts": {"lines":{"total":33,"covered":33,"skipped":0,"pct":100},"functions":{"total":3,"covered":3,"skipped":0,"pct":100},"statements":{"total":33,"covered":33,"skipped":0,"pct":100},"branches":{"total":13,"covered":10,"skipped":0,"pct":76.92}}
,"/Users/zhenqiang/Documents/code/devpulse/packages/core/src/services/fetcher.service.ts": {"lines":{"total":54,"covered":54,"skipped":0,"pct":100},"functions":{"total":3,"covered":3,"skipped":0,"pct":100},"statements":{"total":54,"covered":54,"skipped":0,"pct":100},"branches":{"total":15,"covered":12,"skipped":0,"pct":80}}
,"/Users/zhenqiang/Documents/code/devpulse/packages/core/src/services/interest.service.ts": {"lines":{"total":46,"covered":46,"skipped":0,"pct":100},"functions":{"total":7,"covered":7,"skipped":0,"pct":100},"statements":{"total":46,"covered":46,"skipped":0,"pct":100},"branches":{"total":11,"covered":11,"skipped":0,"pct":100}}
,"/Users/zhenqiang/Documents/code/devpulse/packages/core/src/services/post.service.ts": {"lines":{"total":113,"covered":113,"skipped":0,"pct":100},"functions":{"total":7,"covered":7,"skipped":0,"pct":100},"statements":{"total":113,"covered":113,"skipped":0,"pct":100},"branches":{"total":46,"covered":38,"skipped":0,"pct":82.6}}
,"/Users/zhenqiang/Documents/code/devpulse/packages/core/src/services/site.service.ts": {"lines":{"total":60,"covered":60,"skipped":0,"pct":100},"functions":{"total":9,"covered":9,"skipped":0,"pct":100},"statements":{"total":60,"covered":60,"skipped":0,"pct":100},"branches":{"total":13,"covered":13,"skipped":0,"pct":100}}
}
